<?xml version="1.0" encoding="UTF-8"?>
<!-- Generated by org.testng.reporters.JUnitXMLReporter -->
<testsuite ignored="0" hostname="DESKTOP-7SM6G84" failures="0" tests="3" name="Test4" time="108.297" errors="0" timestamp="2024-10-21T13:28:20 IST">
  <testcase classname="CreateProductByUsingBaseClass.CreatingProductByUsingBaseClass" name="CreateProductTest" time="23.822"/>
  <testcase classname="CreateProductByUsingBaseClass.CreatingProductByUsingBaseClass" name="CreateProductWithPortNumberTest" time="19.133"/>
  <testcase classname="CreateProductByUsingBaseClass.CreatingProductByUsingBaseClass" name="CreateProductWithStartAndEndDateTset" time="23.755"/>
</testsuite> <!-- Test4 -->
