<html>
<head>
<title>TestNG:  TestRunner_chrome</title>
<link href="../testng.css" rel="stylesheet" type="text/css" />
<link href="../my-testng.css" rel="stylesheet" type="text/css" />

<style type="text/css">
.log { display: none;} 
.stack-trace { display: none;} 
</style>
<script type="text/javascript">
<!--
function flip(e) {
  current = e.style.display;
  if (current == 'block') {
    e.style.display = 'none';
    return 0;
  }
  else {
    e.style.display = 'block';
    return 1;
  }
}

function toggleBox(szDivId, elem, msg1, msg2)
{
  var res = -1;  if (document.getElementById) {
    res = flip(document.getElementById(szDivId));
  }
  else if (document.all) {
    // this is the way old msie versions work
    res = flip(document.all[szDivId]);
  }
  if(elem) {
    if(res == 0) elem.innerHTML = msg1; else elem.innerHTML = msg2;
  }

}

function toggleAllBoxes() {
  if (document.getElementsByTagName) {
    d = document.getElementsByTagName('div');
    for (i = 0; i < d.length; i++) {
      if (d[i].className == 'log') {
        flip(d[i]);
      }
    }
  }
}

// -->
</script>

</head>
<body>
<h2 align='center'>TestRunner_chrome</h2><table border='1' align="center">
<tr>
<td>Tests passed/Failed/Skipped:</td><td>10/2/0</td>
</tr><tr>
<td>Started on:</td><td>Tue Oct 22 15:52:57 IST 2024</td>
</tr>
<tr><td>Total time:</td><td>223 seconds (223367 ms)</td>
</tr><tr>
<td>Included groups:</td><td></td>
</tr><tr>
<td>Excluded groups:</td><td></td>
</tr>
</table><p/>
<small><i>(Hover the method name to see the test class name)</i></small><p/>
<table width='100%' border='1' class='invocation-failed'>
<tr><td colspan='4' align='center'><b>FAILED TESTS</b></td></tr>
<tr><td><b>Test method</b></td>
<td width="30%"><b>Exception</b></td>
<td width="10%"><b>Time (seconds)</b></td>
<td><b>Instance</b></td>
</tr>
<tr>
<td title='CreateContactRealTeatScriptUsingBaseClass.CreateContactTest.createContactTest()'><b>createContactTest</b><br>Test class: CreateContactRealTeatScriptUsingBaseClass.CreateContactTest</td>
<td><div><pre>java.lang.AssertionError: expected:&lt;true&gt; but was:&lt;Asha_19&gt;
	at org.junit.Assert.fail(Assert.java:93)
	at org.junit.Assert.failNotEquals(Assert.java:647)
	at org.junit.Assert.assertEquals(Assert.java:128)
	at org.junit.Assert.assertEquals(Assert.java:147)
	at CreateContactRealTeatScriptUsingBaseClass.CreateContactTest.createContactTest(CreateContactTest.java:50)
	at java.base/java.util.ArrayList.forEach(ArrayList.java:1511)
	at java.base/java.util.concurrent.FutureTask.run(FutureTask.java:317)
	at java.base/java.util.concurrent.ThreadPoolExecutor.runWorker(ThreadPoolExecutor.java:1144)
	at java.base/java.util.concurrent.ThreadPoolExecutor$Worker.run(ThreadPoolExecutor.java:642)
	at java.base/java.lang.Thread.run(Thread.java:1589)
... Removed 16 stack frames</pre></div><a href='#' onClick='toggleBox("stack-trace2027243593", this, "Click to show all stack frames", "Click to hide stack frames")'>Click to show all stack frames</a>
<div class='stack-trace' id='stack-trace2027243593'><pre>java.lang.AssertionError: expected:&lt;true&gt; but was:&lt;Asha_19&gt;
	at org.junit.Assert.fail(Assert.java:93)
	at org.junit.Assert.failNotEquals(Assert.java:647)
	at org.junit.Assert.assertEquals(Assert.java:128)
	at org.junit.Assert.assertEquals(Assert.java:147)
	at CreateContactRealTeatScriptUsingBaseClass.CreateContactTest.createContactTest(CreateContactTest.java:50)
	at java.base/jdk.internal.reflect.DirectMethodHandleAccessor.invoke(DirectMethodHandleAccessor.java:104)
	at java.base/java.lang.reflect.Method.invoke(Method.java:578)
	at org.testng.internal.MethodInvocationHelper.invokeMethod(MethodInvocationHelper.java:133)
	at org.testng.internal.TestInvoker.invokeMethod(TestInvoker.java:598)
	at org.testng.internal.TestInvoker.invokeTestMethod(TestInvoker.java:173)
	at org.testng.internal.MethodRunner.runInSequence(MethodRunner.java:46)
	at org.testng.internal.TestInvoker$MethodInvocationAgent.invoke(TestInvoker.java:824)
	at org.testng.internal.TestInvoker.invokeTestMethods(TestInvoker.java:146)
	at org.testng.internal.TestMethodWorker.invokeTestMethods(TestMethodWorker.java:146)
	at org.testng.internal.TestMethodWorker.run(TestMethodWorker.java:128)
	at java.base/java.util.ArrayList.forEach(ArrayList.java:1511)
	at org.testng.TestRunner.privateRun(TestRunner.java:794)
	at org.testng.TestRunner.run(TestRunner.java:596)
	at org.testng.SuiteRunner.runTest(SuiteRunner.java:377)
	at org.testng.SuiteRunner.access$000(SuiteRunner.java:28)
	at org.testng.SuiteRunner$SuiteWorker.run(SuiteRunner.java:418)
	at org.testng.internal.thread.ThreadUtil.lambda$execute$0(ThreadUtil.java:64)
	at java.base/java.util.concurrent.FutureTask.run(FutureTask.java:317)
	at java.base/java.util.concurrent.ThreadPoolExecutor.runWorker(ThreadPoolExecutor.java:1144)
	at java.base/java.util.concurrent.ThreadPoolExecutor$Worker.run(ThreadPoolExecutor.java:642)
	at java.base/java.lang.Thread.run(Thread.java:1589)
</pre></div></td>
<td>11</td>
<td>CreateContactRealTeatScriptUsingBaseClass.CreateContactTest@1b7cc17c</td></tr>
<tr>
<td title='CreateContactRealTeatScriptUsingBaseClass.CreateContactTest.CreateContactWithOrgNameTest()'><b>CreateContactWithOrgNameTest</b><br>Test class: CreateContactRealTeatScriptUsingBaseClass.CreateContactTest</td>
<td><div><pre>org.junit.ComparisonFailure: expected:&lt;[[ ACC14 ] FaceBook_4368 - Organization Information]&gt; but was:&lt;[FaceBook_4368]&gt;
	at org.junit.Assert.assertEquals(Assert.java:125)
	at org.junit.Assert.assertEquals(Assert.java:147)
	at CreateContactRealTeatScriptUsingBaseClass.CreateContactTest.CreateContactWithOrgNameTest(CreateContactTest.java:90)
	at java.base/java.util.ArrayList.forEach(ArrayList.java:1511)
	at java.base/java.util.concurrent.FutureTask.run(FutureTask.java:317)
	at java.base/java.util.concurrent.ThreadPoolExecutor.runWorker(ThreadPoolExecutor.java:1144)
	at java.base/java.util.concurrent.ThreadPoolExecutor$Worker.run(ThreadPoolExecutor.java:642)
	at java.base/java.lang.Thread.run(Thread.java:1589)
... Removed 16 stack frames</pre></div><a href='#' onClick='toggleBox("stack-trace45786245", this, "Click to show all stack frames", "Click to hide stack frames")'>Click to show all stack frames</a>
<div class='stack-trace' id='stack-trace45786245'><pre>org.junit.ComparisonFailure: expected:&lt;[[ ACC14 ] FaceBook_4368 - Organization Information]&gt; but was:&lt;[FaceBook_4368]&gt;
	at org.junit.Assert.assertEquals(Assert.java:125)
	at org.junit.Assert.assertEquals(Assert.java:147)
	at CreateContactRealTeatScriptUsingBaseClass.CreateContactTest.CreateContactWithOrgNameTest(CreateContactTest.java:90)
	at java.base/jdk.internal.reflect.DirectMethodHandleAccessor.invoke(DirectMethodHandleAccessor.java:104)
	at java.base/java.lang.reflect.Method.invoke(Method.java:578)
	at org.testng.internal.MethodInvocationHelper.invokeMethod(MethodInvocationHelper.java:133)
	at org.testng.internal.TestInvoker.invokeMethod(TestInvoker.java:598)
	at org.testng.internal.TestInvoker.invokeTestMethod(TestInvoker.java:173)
	at org.testng.internal.MethodRunner.runInSequence(MethodRunner.java:46)
	at org.testng.internal.TestInvoker$MethodInvocationAgent.invoke(TestInvoker.java:824)
	at org.testng.internal.TestInvoker.invokeTestMethods(TestInvoker.java:146)
	at org.testng.internal.TestMethodWorker.invokeTestMethods(TestMethodWorker.java:146)
	at org.testng.internal.TestMethodWorker.run(TestMethodWorker.java:128)
	at java.base/java.util.ArrayList.forEach(ArrayList.java:1511)
	at org.testng.TestRunner.privateRun(TestRunner.java:794)
	at org.testng.TestRunner.run(TestRunner.java:596)
	at org.testng.SuiteRunner.runTest(SuiteRunner.java:377)
	at org.testng.SuiteRunner.access$000(SuiteRunner.java:28)
	at org.testng.SuiteRunner$SuiteWorker.run(SuiteRunner.java:418)
	at org.testng.internal.thread.ThreadUtil.lambda$execute$0(ThreadUtil.java:64)
	at java.base/java.util.concurrent.FutureTask.run(FutureTask.java:317)
	at java.base/java.util.concurrent.ThreadPoolExecutor.runWorker(ThreadPoolExecutor.java:1144)
	at java.base/java.util.concurrent.ThreadPoolExecutor$Worker.run(ThreadPoolExecutor.java:642)
	at java.base/java.lang.Thread.run(Thread.java:1589)
</pre></div></td>
<td>12</td>
<td>CreateContactRealTeatScriptUsingBaseClass.CreateContactTest@1b7cc17c</td></tr>
</table><p>
<table width='100%' border='1' class='invocation-passed'>
<tr><td colspan='4' align='center'><b>PASSED TESTS</b></td></tr>
<tr><td><b>Test method</b></td>
<td width="30%"><b>Exception</b></td>
<td width="10%"><b>Time (seconds)</b></td>
<td><b>Instance</b></td>
</tr>
<tr>
<td title='CreateOrganization_inRealTime_byUsingBaseClass.OrganizationCreationByUsingBaseClass.CreateOrgWithPhoneNumberTest()'><b>CreateOrgWithPhoneNumberTest</b><br>Test class: CreateOrganization_inRealTime_byUsingBaseClass.OrganizationCreationByUsingBaseClass</td>
<td></td>
<td>12</td>
<td>CreateOrganization_inRealTime_byUsingBaseClass.OrganizationCreationByUsingBaseClass@5c33f1a9</td></tr>
<tr>
<td title='CreateContactRealTeatScriptUsingBaseClass.CreateContactTest.CreatecontactwithSystemDateTest()'><b>CreatecontactwithSystemDateTest</b><br>Test class: CreateContactRealTeatScriptUsingBaseClass.CreateContactTest</td>
<td></td>
<td>11</td>
<td>CreateContactRealTeatScriptUsingBaseClass.CreateContactTest@1b7cc17c</td></tr>
<tr>
<td title='CreateOrganization_inRealTime_byUsingBaseClass.OrganizationCreationByUsingBaseClass.CreateOrgWithIndustryTypeTest()'><b>CreateOrgWithIndustryTypeTest</b><br>Test class: CreateOrganization_inRealTime_byUsingBaseClass.OrganizationCreationByUsingBaseClass</td>
<td></td>
<td>13</td>
<td>CreateOrganization_inRealTime_byUsingBaseClass.OrganizationCreationByUsingBaseClass@5c33f1a9</td></tr>
<tr>
<td title='CreateProductByUsingBaseClass.CreatingProductByUsingBaseClass.CreateProductWithPortNumberTest()'><b>CreateProductWithPortNumberTest</b><br>Test class: CreateProductByUsingBaseClass.CreatingProductByUsingBaseClass</td>
<td></td>
<td>11</td>
<td>CreateProductByUsingBaseClass.CreatingProductByUsingBaseClass@59662a0b</td></tr>
<tr>
<td title='CreateLeadsInrealTimeByUsingBaseClass.CreatingLeadsByUsiingBaseClass.CreateLeadTest()'><b>CreateLeadTest</b><br>Test class: CreateLeadsInrealTimeByUsingBaseClass.CreatingLeadsByUsiingBaseClass</td>
<td></td>
<td>11</td>
<td>CreateLeadsInrealTimeByUsingBaseClass.CreatingLeadsByUsiingBaseClass@6069db50</td></tr>
<tr>
<td title='CreateProductByUsingBaseClass.CreatingProductByUsingBaseClass.CreateProductTest()'><b>CreateProductTest</b><br>Test class: CreateProductByUsingBaseClass.CreatingProductByUsingBaseClass</td>
<td></td>
<td>15</td>
<td>CreateProductByUsingBaseClass.CreatingProductByUsingBaseClass@59662a0b</td></tr>
<tr>
<td title='CreateOrganization_inRealTime_byUsingBaseClass.OrganizationCreationByUsingBaseClass.CreateOrgTest()'><b>CreateOrgTest</b><br>Test class: CreateOrganization_inRealTime_byUsingBaseClass.OrganizationCreationByUsingBaseClass</td>
<td></td>
<td>13</td>
<td>CreateOrganization_inRealTime_byUsingBaseClass.OrganizationCreationByUsingBaseClass@5c33f1a9</td></tr>
<tr>
<td title='CreateProductByUsingBaseClass.CreatingProductByUsingBaseClass.CreateProductWithStartAndEndDateTset()'><b>CreateProductWithStartAndEndDateTset</b><br>Test class: CreateProductByUsingBaseClass.CreatingProductByUsingBaseClass</td>
<td></td>
<td>11</td>
<td>CreateProductByUsingBaseClass.CreatingProductByUsingBaseClass@59662a0b</td></tr>
<tr>
<td title='CreateLeadsInrealTimeByUsingBaseClass.CreatingLeadsByUsiingBaseClass.CreateLeadsWithPhoneNumber()'><b>CreateLeadsWithPhoneNumber</b><br>Test class: CreateLeadsInrealTimeByUsingBaseClass.CreatingLeadsByUsiingBaseClass</td>
<td></td>
<td>15</td>
<td>CreateLeadsInrealTimeByUsingBaseClass.CreatingLeadsByUsiingBaseClass@6069db50</td></tr>
<tr>
<td title='CreateLeadsInrealTimeByUsingBaseClass.CreatingLeadsByUsiingBaseClass.CreateLeadWithAllDetails()'><b>CreateLeadWithAllDetails</b><br>Test class: CreateLeadsInrealTimeByUsingBaseClass.CreatingLeadsByUsiingBaseClass</td>
<td></td>
<td>11</td>
<td>CreateLeadsInrealTimeByUsingBaseClass.CreatingLeadsByUsiingBaseClass@6069db50</td></tr>
</table><p>
</body>
</html>