<?xml version="1.0" encoding="UTF-8"?>
<!-- Generated by org.testng.reporters.JUnitXMLReporter -->
<testsuite ignored="0" hostname="DESKTOP-7SM6G84" failures="0" tests="3" name="Test3" time="115.317" errors="0" timestamp="2024-10-21T13:28:27 IST">
  <testcase classname="CreateContactRealTeatScriptUsingBaseClass.CreateContactTest" name="CreateContactWithOrgNameTest" time="39.101"/>
  <testcase classname="CreateContactRealTeatScriptUsingBaseClass.CreateContactTest" name="CreatecontactwithSystemDateTest" time="24.215"/>
  <testcase classname="CreateContactRealTeatScriptUsingBaseClass.CreateContactTest" name="createContactTest" time="11.381"/>
</testsuite> <!-- Test3 -->
