<?xml version="1.0" encoding="UTF-8"?>
<!-- Generated by org.testng.reporters.JUnitXMLReporter -->
<testsuite ignored="0" hostname="DESKTOP-7SM6G84" failures="0" tests="3" name="Test" time="102.98" errors="0" timestamp="2024-10-29T15:35:22 IST">
  <testcase classname="CreateOrganization_inRealTime_byUsingBaseClass.OrganizationCreationByUsingBaseClass" name="CreateOrgTest" time="22.942"/>
  <testcase classname="CreateOrganization_inRealTime_byUsingBaseClass.OrganizationCreationByUsingBaseClass" name="CreateOrgWithIndustryTypeTest" time="14.112"/>
  <testcase classname="CreateOrganization_inRealTime_byUsingBaseClass.OrganizationCreationByUsingBaseClass" name="CreateOrgWithPhoneNumberTest" time="16.382"/>
</testsuite> <!-- Test -->
