<?xml version="1.0" encoding="UTF-8"?>
<!-- Generated by org.testng.reporters.JUnitXMLReporter -->
<testsuite ignored="0" hostname="DESKTOP-7SM6G84" failures="0" tests="3" name="Test2" time="108.2" errors="0" timestamp="2024-10-21T13:28:20 IST">
  <testcase classname="CreateLeadsInrealTimeByUsingBaseClass.CreatingLeadsByUsiingBaseClass" name="CreateLeadTest" time="16.848"/>
  <testcase classname="CreateLeadsInrealTimeByUsingBaseClass.CreatingLeadsByUsiingBaseClass" name="CreateLeadWithAllDetails" time="23.746"/>
  <testcase classname="CreateLeadsInrealTimeByUsingBaseClass.CreatingLeadsByUsiingBaseClass" name="CreateLeadsWithPhoneNumber" time="23.317"/>
</testsuite> <!-- Test2 -->
