<?xml version="1.0" encoding="UTF-8"?>
<!-- Generated by org.testng.reporters.JUnitXMLReporter -->
<testsuite ignored="0" hostname="DESKTOP-7SM6G84" failures="0" tests="3" name="Test1" time="109.613" errors="0" timestamp="2024-10-21T13:28:21 IST">
  <testcase classname="CreateOrganization_inRealTime_byUsingBaseClass.OrganizationCreationByUsingBaseClass" name="CreateOrgTest" time="25.584"/>
  <testcase classname="CreateOrganization_inRealTime_byUsingBaseClass.OrganizationCreationByUsingBaseClass" name="CreateOrgWithIndustryTypeTest" time="23.379"/>
  <testcase classname="CreateOrganization_inRealTime_byUsingBaseClass.OrganizationCreationByUsingBaseClass" name="CreateOrgWithPhoneNumberTest" time="22.548"/>
</testsuite> <!-- Test1 -->
