<?xml version="1.0" encoding="UTF-8"?>
<!-- Generated by org.testng.reporters.JUnitXMLReporter -->
<testsuite ignored="0" hostname="DESKTOP-7SM6G84" failures="2" tests="2" name="Default test(failed)" time="21.933" errors="0" timestamp="2024-10-23T15:53:35 IST">
  <testcase classname="Listener.InvoiceTset" name="createInvoice" time="0.116">
    <failure type="java.lang.AssertionError" message="expected [login] but found [Administrator - Home - vtiger CRM 5 - Commercial Open Source CRM]">
      <![CDATA[java.lang.AssertionError: expected [login] but found [Administrator - Home - vtiger CRM 5 - Commercial Open Source CRM]
at Listener.InvoiceTset.createInvoice(InvoiceTset.java:15)
at java.base/java.util.ArrayList.forEach(ArrayList.java:1511)
... Removed 31 stack frames]]>
    </failure>
  </testcase> <!-- createInvoice -->
  <testcase classname="Listener.InvoiceTset" name="createInvoiceWithPhoneNumber" time="0.14">
    <failure type="java.lang.AssertionError" message="expected [login] but found [Administrator - Home - vtiger CRM 5 - Commercial Open Source CRM]">
      <![CDATA[java.lang.AssertionError: expected [login] but found [Administrator - Home - vtiger CRM 5 - Commercial Open Source CRM]
at Listener.InvoiceTset.createInvoiceWithPhoneNumber(InvoiceTset.java:28)
at java.base/java.util.ArrayList.forEach(ArrayList.java:1511)
... Removed 31 stack frames]]>
    </failure>
  </testcase> <!-- createInvoiceWithPhoneNumber -->
</testsuite> <!-- Default test(failed) -->
